<?xml version="1.0" encoding="UTF-8"?>
<!-- Generated by org.testng.reporters.JUnitReportReporter -->
<testsuite hostname="DESKTOP-F1E1BGG" failures="0" tests="1" name="test_class.Put_tc1" time="1.241" errors="0" timestamp="2023-04-05T07:08:59 IST" skipped="0">
  <testcase classname="test_class.Put_tc1" name="orchestrator" time="1.241"/>
  <system-out/>
</testsuite> <!-- test_class.Put_tc1 -->
